This file contains any messages produced by compilers while
running configure, to aid debugging if configure makes a mistake.

It was created by configure, which was
generated by GNU Autoconf 2.69.  Invocation command line was

  $ ./configure 

## --------- ##
## Platform. ##
## --------- ##

hostname = zhunan-2.local
uname -m = x86_64
uname -r = 12.2.0
uname -s = Darwin
uname -v = Darwin Kernel Version 12.2.0: Sat Aug 25 00:48:52 PDT 2012; root:xnu-2050.18.24~1/RELEASE_X86_64

/usr/bin/uname -p = i386
/bin/uname -X     = unknown

/bin/arch              = unknown
/usr/bin/arch -k       = unknown
/usr/convex/getsysinfo = unknown
/usr/bin/hostinfo      = Mach kernel version:
	 Darwin Kernel Version 12.2.0: Sat Aug 25 00:48:52 PDT 2012; root:xnu-2050.18.24~1/RELEASE_X86_64
Kernel configured for up to 2 processors.
2 processors are physically available.
2 processors are logically available.
Processor type: i486 (Intel 80486)
Processors active: 0 1
Primary memory available: 4.00 gigabytes
Default processor set: 133 tasks, 658 threads, 2 processors
Load average: 2.02, Mach factor: 0.66
/bin/machine           = unknown
/usr/bin/oslevel       = unknown
/bin/universe          = unknown

PATH: /sw/bin
PATH: /sw/sbin
PATH: /usr/local/texbin
PATH: /Users/zhunan/codes/HappyHadooping/bin
PATH: /Users/zhunan/Downloads/scala-2.9.2/bin
PATH: /usr/local/bin
PATH: /Users/zhunan/Downloads/gsutil
PATH: /opt/rrdtool-1.4.5/bin
PATH: /opt/local/bin
PATH: /opt/local/sbin
PATH: /Users/zhunan/codes/stream_server/bin
PATH: /Users/zhunan/ScalableMapReduce/scalableMR/build
PATH: /Users/zhunan/bin
PATH: /opt/local/bin
PATH: /opt/local/sbin
PATH: /Users/zhunan/codes/ec2-api-tools-1.4.4.2/bin
PATH: /usr/bin
PATH: /bin
PATH: /usr/sbin
PATH: /sbin
PATH: /usr/local/bin
PATH: /home/zhunan/codes/android-sdk
PATH: /usr/X11R6/bin


## ----------- ##
## Core tests. ##
## ----------- ##

configure:2320: checking for gcc
configure:2336: found /usr/bin/gcc
configure:2347: result: gcc
configure:2576: checking for C compiler version
configure:2585: gcc --version >&5
i686-apple-darwin11-llvm-gcc-4.2 (GCC) 4.2.1 (Based on Apple Inc. build 5658) (LLVM build 2336.11.00)
Copyright (C) 2007 Free Software Foundation, Inc.
This is free software; see the source for copying conditions.  There is NO
warranty; not even for MERCHANTABILITY or FITNESS FOR A PARTICULAR PURPOSE.

configure:2596: $? = 0
configure:2585: gcc -v >&5
Using built-in specs.
Target: i686-apple-darwin11
Configured with: /private/var/tmp/llvmgcc42/llvmgcc42-2336.11~67/src/configure --disable-checking --enable-werror --prefix=/Applications/Xcode.app/Contents/Developer/usr/llvm-gcc-4.2 --mandir=/share/man --enable-languages=c,objc,c++,obj-c++ --program-prefix=llvm- --program-transform-name=/^[cg][^.-]*$/s/$/-4.2/ --with-slibdir=/usr/lib --build=i686-apple-darwin11 --enable-llvm=/private/var/tmp/llvmgcc42/llvmgcc42-2336.11~67/dst-llvmCore/Developer/usr/local --program-prefix=i686-apple-darwin11- --host=x86_64-apple-darwin11 --target=i686-apple-darwin11 --with-gxx-include-dir=/usr/include/c++/4.2.1
Thread model: posix
gcc version 4.2.1 (Based on Apple Inc. build 5658) (LLVM build 2336.11.00)
configure:2596: $? = 0
configure:2585: gcc -V >&5
llvm-gcc-4.2: argument to `-V' is missing
configure:2596: $? = 1
configure:2585: gcc -qversion >&5
i686-apple-darwin11-llvm-gcc-4.2: no input files
configure:2596: $? = 1
configure:2616: checking whether the C compiler works
configure:2638: gcc    conftest.c  >&5
configure:2642: $? = 0
configure:2690: result: yes
configure:2693: checking for C compiler default output file name
configure:2695: result: a.out
configure:2701: checking for suffix of executables
configure:2708: gcc -o conftest    conftest.c  >&5
configure:2712: $? = 0
configure:2734: result: 
configure:2756: checking whether we are cross compiling
configure:2764: gcc -o conftest    conftest.c  >&5
configure:2768: $? = 0
configure:2775: ./conftest
configure:2779: $? = 0
configure:2794: result: no
configure:2799: checking for suffix of object files
configure:2821: gcc -c   conftest.c >&5
configure:2825: $? = 0
configure:2846: result: o
configure:2850: checking whether we are using the GNU C compiler
configure:2869: gcc -c   conftest.c >&5
configure:2869: $? = 0
configure:2878: result: yes
configure:2887: checking whether gcc accepts -g
configure:2907: gcc -c -g  conftest.c >&5
configure:2907: $? = 0
configure:2948: result: yes
configure:2965: checking for gcc option to accept ISO C89
configure:3028: gcc  -c -g -O2  conftest.c >&5
configure:3028: $? = 0
configure:3041: result: none needed
configure:3069: checking for special C compiler options needed for large files
configure:3114: result: no
configure:3120: checking for _FILE_OFFSET_BITS value needed for large files
configure:3145: gcc -c -g -O2  conftest.c >&5
configure:3145: $? = 0
configure:3177: result: no
configure:3279: checking for a BSD-compatible install
configure:3347: result: /usr/bin/install -c
configure:3358: checking whether build environment is sane
configure:3413: result: yes
configure:3564: checking for a thread-safe mkdir -p
configure:3603: result: config/install-sh -c -d
configure:3610: checking for gawk
configure:3640: result: no
configure:3610: checking for mawk
configure:3640: result: no
configure:3610: checking for nawk
configure:3640: result: no
configure:3610: checking for awk
configure:3626: found /usr/bin/awk
configure:3637: result: awk
configure:3648: checking whether make sets $(MAKE)
configure:3670: result: yes
configure:3700: checking for style of include used by make
configure:3728: result: GNU
configure:3821: checking dependency style of gcc
configure:3932: result: gcc3
configure:3998: checking for gcc
configure:4025: result: gcc
configure:4254: checking for C compiler version
configure:4263: gcc --version >&5
i686-apple-darwin11-llvm-gcc-4.2 (GCC) 4.2.1 (Based on Apple Inc. build 5658) (LLVM build 2336.11.00)
Copyright (C) 2007 Free Software Foundation, Inc.
This is free software; see the source for copying conditions.  There is NO
warranty; not even for MERCHANTABILITY or FITNESS FOR A PARTICULAR PURPOSE.

configure:4274: $? = 0
configure:4263: gcc -v >&5
Using built-in specs.
Target: i686-apple-darwin11
Configured with: /private/var/tmp/llvmgcc42/llvmgcc42-2336.11~67/src/configure --disable-checking --enable-werror --prefix=/Applications/Xcode.app/Contents/Developer/usr/llvm-gcc-4.2 --mandir=/share/man --enable-languages=c,objc,c++,obj-c++ --program-prefix=llvm- --program-transform-name=/^[cg][^.-]*$/s/$/-4.2/ --with-slibdir=/usr/lib --build=i686-apple-darwin11 --enable-llvm=/private/var/tmp/llvmgcc42/llvmgcc42-2336.11~67/dst-llvmCore/Developer/usr/local --program-prefix=i686-apple-darwin11- --host=x86_64-apple-darwin11 --target=i686-apple-darwin11 --with-gxx-include-dir=/usr/include/c++/4.2.1
Thread model: posix
gcc version 4.2.1 (Based on Apple Inc. build 5658) (LLVM build 2336.11.00)
configure:4274: $? = 0
configure:4263: gcc -V >&5
llvm-gcc-4.2: argument to `-V' is missing
configure:4274: $? = 1
configure:4263: gcc -qversion >&5
i686-apple-darwin11-llvm-gcc-4.2: no input files
configure:4274: $? = 1
configure:4278: checking whether we are using the GNU C compiler
configure:4306: result: yes
configure:4315: checking whether gcc accepts -g
configure:4376: result: yes
configure:4393: checking for gcc option to accept ISO C89
configure:4469: result: none needed
configure:4518: checking build system type
configure:4532: result: i386-apple-darwin12.2.0
configure:4552: checking host system type
configure:4565: result: i386-apple-darwin12.2.0
configure:4606: checking how to print strings
configure:4633: result: printf
configure:4654: checking for a sed that does not truncate output
configure:4718: result: /usr/bin/sed
configure:4736: checking for grep that handles long lines and -e
configure:4794: result: /usr/bin/grep
configure:4799: checking for egrep
configure:4861: result: /usr/bin/grep -E
configure:4866: checking for fgrep
configure:4928: result: /usr/bin/grep -F
configure:4963: checking for ld used by gcc
configure:5030: result: /usr/llvm-gcc-4.2/libexec/gcc/i686-apple-darwin11/4.2.1/ld
configure:5037: checking if the linker (/usr/llvm-gcc-4.2/libexec/gcc/i686-apple-darwin11/4.2.1/ld) is GNU ld
configure:5052: result: no
configure:5064: checking for BSD- or MS-compatible name lister (nm)
configure:5113: result: /opt/local/bin/nm
configure:5243: checking the name lister (/opt/local/bin/nm) interface
configure:5250: gcc -c -g -O2  conftest.c >&5
configure:5253: /opt/local/bin/nm "conftest.o"
configure:5256: output
00000000000001b4 S _some_variable
configure:5263: result: BSD nm
configure:5266: checking whether ln -s works
configure:5270: result: yes
configure:5278: checking the maximum length of command line arguments
configure:5408: result: 196608
configure:5425: checking whether the shell understands some XSI constructs
configure:5435: result: yes
configure:5439: checking whether the shell understands "+="
configure:5445: result: yes
configure:5480: checking how to convert i386-apple-darwin12.2.0 file names to i386-apple-darwin12.2.0 format
configure:5520: result: func_convert_file_noop
configure:5527: checking how to convert i386-apple-darwin12.2.0 file names to toolchain format
configure:5547: result: func_convert_file_noop
configure:5554: checking for /usr/llvm-gcc-4.2/libexec/gcc/i686-apple-darwin11/4.2.1/ld option to reload object files
configure:5561: result: -r
configure:5635: checking for objdump
configure:5665: result: no
configure:5694: checking how to recognize dependent libraries
configure:5896: result: pass_all
configure:5981: checking for dlltool
configure:6011: result: no
configure:6041: checking how to associate runtime and link libraries
configure:6068: result: printf %s\n
configure:6128: checking for ar
configure:6144: found /opt/local/bin/ar
configure:6155: result: ar
configure:6192: checking for archiver @FILE support
configure:6209: gcc -c -g -O2  conftest.c >&5
configure:6209: $? = 0
configure:6212: ar cru libconftest.a @conftest.lst >&5
ar: @conftest.lst: No such file or directory
configure:6215: $? = 1
configure:6235: result: no
configure:6293: checking for strip
configure:6309: found /opt/local/bin/strip
configure:6320: result: strip
configure:6392: checking for ranlib
configure:6408: found /opt/local/bin/ranlib
configure:6419: result: ranlib
configure:6521: checking command to parse /opt/local/bin/nm output from gcc object
configure:6641: gcc -c -g -O2  conftest.c >&5
configure:6644: $? = 0
configure:6648: /opt/local/bin/nm conftest.o \| sed -n -e 's/^.*[ ]\([BCDEGRST][BCDEGRST]*\)[ ][ ]*\([_A-Za-z][_A-Za-z0-9]*\)$/\1 \2 \2/p' | sed '/ __gnu_lto/d' \> conftest.nm
configure:6651: $? = 0
cannot find nm_test_var in conftest.nm
configure:6641: gcc -c -g -O2  conftest.c >&5
configure:6644: $? = 0
configure:6648: /opt/local/bin/nm conftest.o \| sed -n -e 's/^.*[ ]\([BCDEGRST][BCDEGRST]*\)[ ][ ]*_\([_A-Za-z][_A-Za-z0-9]*\)$/\1 _\2 \2/p' | sed '/ __gnu_lto/d' \> conftest.nm
configure:6651: $? = 0
configure:6717: gcc -o conftest -g -O2   conftest.c conftstm.o >&5
configure:6720: $? = 0
configure:6758: result: ok
configure:6795: checking for sysroot
configure:6825: result: no
configure:7081: checking for mt
configure:7111: result: no
configure:7131: checking if : is a manifest tool
configure:7137: : '-?'
configure:7145: result: no
configure:7201: checking for dsymutil
configure:7217: found /usr/bin/dsymutil
configure:7228: result: dsymutil
configure:7293: checking for nmedit
configure:7309: found /opt/local/bin/nmedit
configure:7320: result: nmedit
configure:7385: checking for lipo
configure:7401: found /opt/local/bin/lipo
configure:7412: result: lipo
configure:7477: checking for otool
configure:7493: found /opt/local/bin/otool
configure:7504: result: otool
configure:7569: checking for otool64
configure:7599: result: no
configure:7644: checking for -single_module linker flag
gcc -g -O2  -o libconftest.dylib -dynamiclib -Wl,-single_module conftest.c
configure:7677: result: yes
configure:7680: checking for -exported_symbols_list linker flag
configure:7700: gcc -o conftest -g -O2   -Wl,-exported_symbols_list,conftest.sym conftest.c  >&5
configure:7700: $? = 0
configure:7710: result: yes
configure:7713: checking for -force_load linker flag
gcc -g -O2 -c -o conftest.o conftest.c
ar cru libconftest.a conftest.o
ranlib libconftest.a
gcc -g -O2  -o conftest conftest.c -Wl,-force_load,./libconftest.a
configure:7745: result: yes
configure:7787: checking how to run the C preprocessor
configure:7818: gcc -E  conftest.c
configure:7818: $? = 0
configure:7832: gcc -E  conftest.c
conftest.c:11:28: error: ac_nonexistent.h: No such file or directory
configure:7832: $? = 1
configure: failed program was:
| /* confdefs.h */
| #define PACKAGE_NAME ""
| #define PACKAGE_TARNAME ""
| #define PACKAGE_VERSION ""
| #define PACKAGE_STRING ""
| #define PACKAGE_BUGREPORT ""
| #define PACKAGE_URL ""
| #define PACKAGE "hadoop"
| #define VERSION "1.0.0"
| /* end confdefs.h.  */
| #include <ac_nonexistent.h>
configure:7857: result: gcc -E
configure:7877: gcc -E  conftest.c
configure:7877: $? = 0
configure:7891: gcc -E  conftest.c
conftest.c:11:28: error: ac_nonexistent.h: No such file or directory
configure:7891: $? = 1
configure: failed program was:
| /* confdefs.h */
| #define PACKAGE_NAME ""
| #define PACKAGE_TARNAME ""
| #define PACKAGE_VERSION ""
| #define PACKAGE_STRING ""
| #define PACKAGE_BUGREPORT ""
| #define PACKAGE_URL ""
| #define PACKAGE "hadoop"
| #define VERSION "1.0.0"
| /* end confdefs.h.  */
| #include <ac_nonexistent.h>
configure:7920: checking for ANSI C header files
configure:7940: gcc -c -g -O2  conftest.c >&5
configure:7940: $? = 0
configure:8013: gcc -o conftest -g -O2   conftest.c  >&5
configure:8013: $? = 0
configure:8013: ./conftest
configure:8013: $? = 0
configure:8024: result: yes
configure:8037: checking for sys/types.h
configure:8037: gcc -c -g -O2  conftest.c >&5
configure:8037: $? = 0
configure:8037: result: yes
configure:8037: checking for sys/stat.h
configure:8037: gcc -c -g -O2  conftest.c >&5
configure:8037: $? = 0
configure:8037: result: yes
configure:8037: checking for stdlib.h
configure:8037: gcc -c -g -O2  conftest.c >&5
configure:8037: $? = 0
configure:8037: result: yes
configure:8037: checking for string.h
configure:8037: gcc -c -g -O2  conftest.c >&5
configure:8037: $? = 0
configure:8037: result: yes
configure:8037: checking for memory.h
configure:8037: gcc -c -g -O2  conftest.c >&5
configure:8037: $? = 0
configure:8037: result: yes
configure:8037: checking for strings.h
configure:8037: gcc -c -g -O2  conftest.c >&5
configure:8037: $? = 0
configure:8037: result: yes
configure:8037: checking for inttypes.h
configure:8037: gcc -c -g -O2  conftest.c >&5
configure:8037: $? = 0
configure:8037: result: yes
configure:8037: checking for stdint.h
configure:8037: gcc -c -g -O2  conftest.c >&5
configure:8037: $? = 0
configure:8037: result: yes
configure:8037: checking for unistd.h
configure:8037: gcc -c -g -O2  conftest.c >&5
configure:8037: $? = 0
configure:8037: result: yes
configure:8051: checking for dlfcn.h
configure:8051: gcc -c -g -O2  conftest.c >&5
configure:8051: $? = 0
configure:8051: result: yes
configure:8257: checking for objdir
configure:8272: result: .libs
configure:8539: checking if gcc supports -fno-rtti -fno-exceptions
configure:8557: gcc -c -g -O2  -fno-rtti -fno-exceptions conftest.c >&5
cc1: warning: command line option "-fno-rtti" is valid for C++/ObjC++ but not for C
configure:8561: $? = 0
configure:8574: result: no
configure:8901: checking for gcc option to produce PIC
configure:8908: result: -fno-common -DPIC
configure:8916: checking if gcc PIC flag -fno-common -DPIC works
configure:8934: gcc -c -g -O2  -fno-common -DPIC -DPIC conftest.c >&5
configure:8938: $? = 0
configure:8951: result: yes
configure:8980: checking if gcc static flag -static works
configure:9008: result: no
configure:9023: checking if gcc supports -c -o file.o
configure:9044: gcc -c -g -O2  -o out/conftest2.o conftest.c >&5
configure:9048: $? = 0
configure:9070: result: yes
configure:9078: checking if gcc supports -c -o file.o
configure:9125: result: yes
configure:9158: checking whether the gcc linker (/usr/llvm-gcc-4.2/libexec/gcc/i686-apple-darwin11/4.2.1/ld) supports shared libraries
configure:10311: result: yes
configure:10551: checking dynamic linker characteristics
configure:11284: result: darwin12.2.0 dyld
configure:11391: checking how to hardcode library paths into programs
configure:11416: result: immediate
configure:11956: checking whether stripping libraries is possible
configure:11970: result: yes
configure:11996: checking if libtool supports shared libraries
configure:11998: result: yes
configure:12001: checking whether to build shared libraries
configure:12022: result: yes
configure:12025: checking whether to build static libraries
configure:12029: result: yes
configure:12068: checking for dlopen in -ldl
configure:12093: gcc -o conftest -g -O2   conftest.c -ldl   >&5
configure:12093: $? = 0
configure:12102: result: yes
configure:12123: checking for JNI_GetCreatedJavaVMs in -ljvm
configure:12148: gcc -o conftest -g -O2   -L/System/Library/Java/JavaVirtualMachines/1.6.0.jdk/Contents/Home/jre/lib//server -L conftest.c -ljvm  -ldl  >&5
ld: warning: directory not found for option '-L/System/Library/Java/JavaVirtualMachines/1.6.0.jdk/Contents/Home/jre/lib//server'
ld: warning: path 'conftest.c' following -L not a directory
ld: library not found for -ljvm
collect2: ld returned 1 exit status
configure:12148: $? = 1
configure: failed program was:
| /* confdefs.h */
| #define PACKAGE_NAME ""
| #define PACKAGE_TARNAME ""
| #define PACKAGE_VERSION ""
| #define PACKAGE_STRING ""
| #define PACKAGE_BUGREPORT ""
| #define PACKAGE_URL ""
| #define PACKAGE "hadoop"
| #define VERSION "1.0.0"
| #define STDC_HEADERS 1
| #define HAVE_SYS_TYPES_H 1
| #define HAVE_SYS_STAT_H 1
| #define HAVE_STDLIB_H 1
| #define HAVE_STRING_H 1
| #define HAVE_MEMORY_H 1
| #define HAVE_STRINGS_H 1
| #define HAVE_INTTYPES_H 1
| #define HAVE_STDINT_H 1
| #define HAVE_UNISTD_H 1
| #define HAVE_DLFCN_H 1
| #define LT_OBJDIR ".libs/"
| #define HAVE_LIBDL 1
| /* end confdefs.h.  */
| 
| /* Override any GCC internal prototype to avoid an error.
|    Use char because int might match the return type of a GCC
|    builtin and then its argument prototype would still apply.  */
| #ifdef __cplusplus
| extern "C"
| #endif
| char JNI_GetCreatedJavaVMs ();
| int
| main ()
| {
| return JNI_GetCreatedJavaVMs ();
|   ;
|   return 0;
| }
configure:12157: result: no
configure:12172: checking for ANSI C header files
configure:12276: result: yes
configure:12288: checking stdio.h usability
configure:12288: gcc -c -g -O2  conftest.c >&5
configure:12288: $? = 0
configure:12288: result: yes
configure:12288: checking stdio.h presence
configure:12288: gcc -E  conftest.c
configure:12288: $? = 0
configure:12288: result: yes
configure:12288: checking for stdio.h
configure:12288: result: yes
configure:12288: checking stddef.h usability
configure:12288: gcc -c -g -O2  conftest.c >&5
configure:12288: $? = 0
configure:12288: result: yes
configure:12288: checking stddef.h presence
configure:12288: gcc -E  conftest.c
configure:12288: $? = 0
configure:12288: result: yes
configure:12288: checking for stddef.h
configure:12288: result: yes
configure:12313: checking jni.h usability
configure:12313: gcc -c -g -O2   conftest.c >&5
conftest.c:60:17: error: jni.h: No such file or directory
configure:12313: $? = 1
configure: failed program was:
| /* confdefs.h */
| #define PACKAGE_NAME ""
| #define PACKAGE_TARNAME ""
| #define PACKAGE_VERSION ""
| #define PACKAGE_STRING ""
| #define PACKAGE_BUGREPORT ""
| #define PACKAGE_URL ""
| #define PACKAGE "hadoop"
| #define VERSION "1.0.0"
| #define STDC_HEADERS 1
| #define HAVE_SYS_TYPES_H 1
| #define HAVE_SYS_STAT_H 1
| #define HAVE_STDLIB_H 1
| #define HAVE_STRING_H 1
| #define HAVE_MEMORY_H 1
| #define HAVE_STRINGS_H 1
| #define HAVE_INTTYPES_H 1
| #define HAVE_STDINT_H 1
| #define HAVE_UNISTD_H 1
| #define HAVE_DLFCN_H 1
| #define LT_OBJDIR ".libs/"
| #define HAVE_LIBDL 1
| #define STDC_HEADERS 1
| #define HAVE_STDIO_H 1
| #define HAVE_STDDEF_H 1
| /* end confdefs.h.  */
| #include <stdio.h>
| #ifdef HAVE_SYS_TYPES_H
| # include <sys/types.h>
| #endif
| #ifdef HAVE_SYS_STAT_H
| # include <sys/stat.h>
| #endif
| #ifdef STDC_HEADERS
| # include <stdlib.h>
| # include <stddef.h>
| #else
| # ifdef HAVE_STDLIB_H
| #  include <stdlib.h>
| # endif
| #endif
| #ifdef HAVE_STRING_H
| # if !defined STDC_HEADERS && defined HAVE_MEMORY_H
| #  include <memory.h>
| # endif
| # include <string.h>
| #endif
| #ifdef HAVE_STRINGS_H
| # include <strings.h>
| #endif
| #ifdef HAVE_INTTYPES_H
| # include <inttypes.h>
| #endif
| #ifdef HAVE_STDINT_H
| # include <stdint.h>
| #endif
| #ifdef HAVE_UNISTD_H
| # include <unistd.h>
| #endif
| #include <jni.h>
configure:12313: result: no
configure:12313: checking jni.h presence
configure:12313: gcc -E   conftest.c
conftest.c:27:17: error: jni.h: No such file or directory
configure:12313: $? = 1
configure: failed program was:
| /* confdefs.h */
| #define PACKAGE_NAME ""
| #define PACKAGE_TARNAME ""
| #define PACKAGE_VERSION ""
| #define PACKAGE_STRING ""
| #define PACKAGE_BUGREPORT ""
| #define PACKAGE_URL ""
| #define PACKAGE "hadoop"
| #define VERSION "1.0.0"
| #define STDC_HEADERS 1
| #define HAVE_SYS_TYPES_H 1
| #define HAVE_SYS_STAT_H 1
| #define HAVE_STDLIB_H 1
| #define HAVE_STRING_H 1
| #define HAVE_MEMORY_H 1
| #define HAVE_STRINGS_H 1
| #define HAVE_INTTYPES_H 1
| #define HAVE_STDINT_H 1
| #define HAVE_UNISTD_H 1
| #define HAVE_DLFCN_H 1
| #define LT_OBJDIR ".libs/"
| #define HAVE_LIBDL 1
| #define STDC_HEADERS 1
| #define HAVE_STDIO_H 1
| #define HAVE_STDDEF_H 1
| /* end confdefs.h.  */
| #include <jni.h>
configure:12313: result: no
configure:12313: checking for jni.h
configure:12313: result: no
configure:12320: error: Native java headers not found. Is $JAVA_HOME set correctly?

## ---------------- ##
## Cache variables. ##
## ---------------- ##

ac_cv_build=i386-apple-darwin12.2.0
ac_cv_c_compiler_gnu=yes
ac_cv_env_CC_set=
ac_cv_env_CC_value=
ac_cv_env_CFLAGS_set=
ac_cv_env_CFLAGS_value=
ac_cv_env_CPPFLAGS_set=
ac_cv_env_CPPFLAGS_value=
ac_cv_env_CPP_set=
ac_cv_env_CPP_value=
ac_cv_env_LDFLAGS_set=
ac_cv_env_LDFLAGS_value=
ac_cv_env_LIBS_set=
ac_cv_env_LIBS_value=
ac_cv_env_build_alias_set=
ac_cv_env_build_alias_value=
ac_cv_env_host_alias_set=
ac_cv_env_host_alias_value=
ac_cv_env_target_alias_set=
ac_cv_env_target_alias_value=
ac_cv_header_dlfcn_h=yes
ac_cv_header_inttypes_h=yes
ac_cv_header_jni_h=no
ac_cv_header_memory_h=yes
ac_cv_header_stdc=yes
ac_cv_header_stddef_h=yes
ac_cv_header_stdint_h=yes
ac_cv_header_stdio_h=yes
ac_cv_header_stdlib_h=yes
ac_cv_header_string_h=yes
ac_cv_header_strings_h=yes
ac_cv_header_sys_stat_h=yes
ac_cv_header_sys_types_h=yes
ac_cv_header_unistd_h=yes
ac_cv_host=i386-apple-darwin12.2.0
ac_cv_lib_dl_dlopen=yes
ac_cv_lib_jvm_JNI_GetCreatedJavaVMs=no
ac_cv_objext=o
ac_cv_path_EGREP='/usr/bin/grep -E'
ac_cv_path_FGREP='/usr/bin/grep -F'
ac_cv_path_GREP=/usr/bin/grep
ac_cv_path_SED=/usr/bin/sed
ac_cv_path_install='/usr/bin/install -c'
ac_cv_prog_AWK=awk
ac_cv_prog_CPP='gcc -E'
ac_cv_prog_ac_ct_AR=ar
ac_cv_prog_ac_ct_CC=gcc
ac_cv_prog_ac_ct_DSYMUTIL=dsymutil
ac_cv_prog_ac_ct_LIPO=lipo
ac_cv_prog_ac_ct_NMEDIT=nmedit
ac_cv_prog_ac_ct_OTOOL=otool
ac_cv_prog_ac_ct_RANLIB=ranlib
ac_cv_prog_ac_ct_STRIP=strip
ac_cv_prog_cc_c89=
ac_cv_prog_cc_g=yes
ac_cv_prog_make_make_set=yes
ac_cv_sys_file_offset_bits=no
ac_cv_sys_largefile_CC=no
am_cv_CC_dependencies_compiler_type=gcc3
lt_cv_apple_cc_single_mod=yes
lt_cv_ar_at_file=no
lt_cv_deplibs_check_method=pass_all
lt_cv_file_magic_cmd='$MAGIC_CMD'
lt_cv_file_magic_test_file=
lt_cv_ld_exported_symbols_list=yes
lt_cv_ld_force_load=yes
lt_cv_ld_reload_flag=-r
lt_cv_nm_interface='BSD nm'
lt_cv_objdir=.libs
lt_cv_path_LD=/usr/llvm-gcc-4.2/libexec/gcc/i686-apple-darwin11/4.2.1/ld
lt_cv_path_NM=/opt/local/bin/nm
lt_cv_path_mainfest_tool=no
lt_cv_prog_compiler_c_o=yes
lt_cv_prog_compiler_pic='-fno-common -DPIC'
lt_cv_prog_compiler_pic_works=yes
lt_cv_prog_compiler_rtti_exceptions=no
lt_cv_prog_compiler_static_works=no
lt_cv_prog_gnu_ld=no
lt_cv_sharedlib_from_linklib_cmd='printf %s\n'
lt_cv_sys_global_symbol_pipe='sed -n -e '\''s/^.*[	 ]\([BCDEGRST][BCDEGRST]*\)[	 ][	 ]*_\([_A-Za-z][_A-Za-z0-9]*\)$/\1 _\2 \2/p'\'' | sed '\''/ __gnu_lto/d'\'''
lt_cv_sys_global_symbol_to_c_name_address='sed -n -e '\''s/^: \([^ ]*\)[ ]*$/  {\"\1\", (void *) 0},/p'\'' -e '\''s/^[BCDEGRST]* \([^ ]*\) \([^ ]*\)$/  {"\2", (void *) \&\2},/p'\'''
lt_cv_sys_global_symbol_to_c_name_address_lib_prefix='sed -n -e '\''s/^: \([^ ]*\)[ ]*$/  {\"\1\", (void *) 0},/p'\'' -e '\''s/^[BCDEGRST]* \([^ ]*\) \(lib[^ ]*\)$/  {"\2", (void *) \&\2},/p'\'' -e '\''s/^[BCDEGRST]* \([^ ]*\) \([^ ]*\)$/  {"lib\2", (void *) \&\2},/p'\'''
lt_cv_sys_global_symbol_to_cdecl='sed -n -e '\''s/^T .* \(.*\)$/extern int \1();/p'\'' -e '\''s/^[BCDEGRST]* .* \(.*\)$/extern char \1;/p'\'''
lt_cv_sys_max_cmd_len=196608
lt_cv_to_host_file_cmd=func_convert_file_noop
lt_cv_to_tool_file_cmd=func_convert_file_noop

## ----------------- ##
## Output variables. ##
## ----------------- ##

ACLOCAL='${SHELL} /Users/zhunan/codes/LongTermFairScheduler/src/native/config/missing --run aclocal-1.12'
AMDEPBACKSLASH='\'
AMDEP_FALSE='#'
AMDEP_TRUE=''
AMTAR='$${TAR-tar}'
AR='ar'
AUTOCONF='${SHELL} /Users/zhunan/codes/LongTermFairScheduler/src/native/config/missing --run autoconf'
AUTOHEADER='${SHELL} /Users/zhunan/codes/LongTermFairScheduler/src/native/config/missing --run autoheader'
AUTOMAKE='${SHELL} /Users/zhunan/codes/LongTermFairScheduler/src/native/config/missing --run automake-1.12'
AWK='awk'
CC='gcc'
CCDEPMODE='depmode=gcc3'
CFLAGS='-g -O2'
CPP='gcc -E'
CPPFLAGS=' '
CYGPATH_W='echo'
DEFS=''
DEPDIR='.deps'
DLLTOOL='false'
DSYMUTIL='dsymutil'
DUMPBIN=''
ECHO_C='\c'
ECHO_N=''
ECHO_T=''
EGREP='/usr/bin/grep -E'
EXEEXT=''
FGREP='/usr/bin/grep -F'
GREP='/usr/bin/grep'
INSTALL_DATA='${INSTALL} -m 644'
INSTALL_PROGRAM='${INSTALL}'
INSTALL_SCRIPT='${INSTALL}'
INSTALL_STRIP_PROGRAM='$(install_sh) -c -s'
JNI_CPPFLAGS=''
JNI_LDFLAGS='-L/System/Library/Java/JavaVirtualMachines/1.6.0.jdk/Contents/Home/jre/lib//server -L'
LD='/usr/llvm-gcc-4.2/libexec/gcc/i686-apple-darwin11/4.2.1/ld'
LDFLAGS=''
LIBOBJS=''
LIBS='-ldl '
LIBTOOL='$(SHELL) $(top_builddir)/libtool'
LIPO='lipo'
LN_S='ln -s'
LTLIBOBJS=''
MAKEINFO='${SHELL} /Users/zhunan/codes/LongTermFairScheduler/src/native/config/missing --run makeinfo'
MANIFEST_TOOL=':'
MKDIR_P='config/install-sh -c -d'
NM='/opt/local/bin/nm'
NMEDIT='nmedit'
OBJDUMP='false'
OBJEXT='o'
OTOOL64=':'
OTOOL='otool'
PACKAGE='hadoop'
PACKAGE_BUGREPORT=''
PACKAGE_NAME=''
PACKAGE_STRING=''
PACKAGE_TARNAME=''
PACKAGE_URL=''
PACKAGE_VERSION=''
PATH_SEPARATOR=':'
RANLIB='ranlib'
SED='/usr/bin/sed'
SET_MAKE=''
SHELL='/bin/sh'
STRIP='strip'
VERSION='1.0.0'
ac_ct_AR='ar'
ac_ct_CC='gcc'
ac_ct_DUMPBIN=''
am__EXEEXT_FALSE=''
am__EXEEXT_TRUE=''
am__fastdepCC_FALSE='#'
am__fastdepCC_TRUE=''
am__include='include'
am__isrc=''
am__leading_dot='.'
am__nodep='_no'
am__quote=''
am__tar='$${TAR-tar} chof - "$$tardir"'
am__untar='$${TAR-tar} xf -'
bindir='${exec_prefix}/bin'
build='i386-apple-darwin12.2.0'
build_alias=''
build_cpu='i386'
build_os='darwin12.2.0'
build_vendor='apple'
datadir='${datarootdir}'
datarootdir='${prefix}/share'
docdir='${datarootdir}/doc/${PACKAGE}'
dvidir='${docdir}'
exec_prefix='NONE'
host='i386-apple-darwin12.2.0'
host_alias=''
host_cpu='i386'
host_os='darwin12.2.0'
host_vendor='apple'
htmldir='${docdir}'
includedir='${prefix}/include'
infodir='${datarootdir}/info'
install_sh='${SHELL} /Users/zhunan/codes/LongTermFairScheduler/src/native/config/install-sh'
libdir='${exec_prefix}/lib'
libexecdir='${exec_prefix}/libexec'
localedir='${datarootdir}/locale'
localstatedir='${prefix}/var'
mandir='${datarootdir}/man'
mkdir_p='$(MKDIR_P)'
oldincludedir='/usr/include'
pdfdir='${docdir}'
prefix='NONE'
program_transform_name='s,x,x,'
psdir='${docdir}'
sbindir='${exec_prefix}/sbin'
sharedstatedir='${prefix}/com'
sysconfdir='${prefix}/etc'
target_alias=''

## ----------- ##
## confdefs.h. ##
## ----------- ##

/* confdefs.h */
#define PACKAGE_NAME ""
#define PACKAGE_TARNAME ""
#define PACKAGE_VERSION ""
#define PACKAGE_STRING ""
#define PACKAGE_BUGREPORT ""
#define PACKAGE_URL ""
#define PACKAGE "hadoop"
#define VERSION "1.0.0"
#define STDC_HEADERS 1
#define HAVE_SYS_TYPES_H 1
#define HAVE_SYS_STAT_H 1
#define HAVE_STDLIB_H 1
#define HAVE_STRING_H 1
#define HAVE_MEMORY_H 1
#define HAVE_STRINGS_H 1
#define HAVE_INTTYPES_H 1
#define HAVE_STDINT_H 1
#define HAVE_UNISTD_H 1
#define HAVE_DLFCN_H 1
#define LT_OBJDIR ".libs/"
#define HAVE_LIBDL 1
#define STDC_HEADERS 1
#define HAVE_STDIO_H 1
#define HAVE_STDDEF_H 1

configure: exit 1
