2012-07-31 09:54:37,534 INFO org.apache.hadoop.hdfs.server.namenode.SecondaryNameNode: STARTUP_MSG: 
/************************************************************
STARTUP_MSG: Starting SecondaryNameNode
STARTUP_MSG:   host = zhunan-2.local/192.168.1.100
STARTUP_MSG:   args = []
STARTUP_MSG:   version = 1.0.4-SNAPSHOT
STARTUP_MSG:   build =  -r ; compiled by 'zhunan' on Fri Jul  6 04:20:51 CST 2012
************************************************************/
2012-07-31 09:54:39,946 INFO org.apache.hadoop.hdfs.server.namenode.SecondaryNameNode: Starting web server as: zhunan
2012-07-31 09:54:40,409 INFO org.apache.hadoop.http.HttpServer: Added global filtersafety (class=org.apache.hadoop.http.HttpServer$QuotingInputFilter)
2012-07-31 09:54:40,424 INFO org.apache.hadoop.http.HttpServer: Port returned by webServer.getConnectors()[0].getLocalPort() before open() is -1. Opening the listener on 50090
2012-07-31 09:54:40,431 INFO org.apache.hadoop.http.HttpServer: listener.getLocalPort() returned 50090 webServer.getConnectors()[0].getLocalPort() returned 50090
2012-07-31 09:54:40,431 INFO org.apache.hadoop.http.HttpServer: Jetty bound to port 50090
2012-07-31 09:54:41,931 INFO org.apache.hadoop.hdfs.server.namenode.SecondaryNameNode: Web server init done
2012-07-31 09:54:41,931 INFO org.apache.hadoop.hdfs.server.namenode.SecondaryNameNode: Secondary Web-server up at: 0.0.0.0:50090
2012-07-31 09:54:41,931 INFO org.apache.hadoop.hdfs.server.namenode.SecondaryNameNode: Secondary image servlet up at: 0.0.0.0:50090
2012-07-31 09:54:41,931 WARN org.apache.hadoop.hdfs.server.namenode.SecondaryNameNode: Checkpoint Period   :3600 secs (60 min)
2012-07-31 09:54:41,931 WARN org.apache.hadoop.hdfs.server.namenode.SecondaryNameNode: Log Size Trigger    :67108864 bytes (65536 KB)
2012-07-31 09:56:31,613 INFO org.apache.hadoop.hdfs.server.namenode.SecondaryNameNode: SHUTDOWN_MSG: 
/************************************************************
SHUTDOWN_MSG: Shutting down SecondaryNameNode at zhunan-2.local/192.168.1.100
************************************************************/
2012-07-31 09:57:50,192 INFO org.apache.hadoop.hdfs.server.namenode.SecondaryNameNode: STARTUP_MSG: 
/************************************************************
STARTUP_MSG: Starting SecondaryNameNode
STARTUP_MSG:   host = zhunan-2.local/192.168.1.100
STARTUP_MSG:   args = []
STARTUP_MSG:   version = 1.0.4-SNAPSHOT
STARTUP_MSG:   build =  -r ; compiled by 'zhunan' on Fri Jul  6 04:20:51 CST 2012
************************************************************/
2012-07-31 09:57:52,361 INFO org.apache.hadoop.hdfs.server.namenode.SecondaryNameNode: Starting web server as: zhunan
2012-07-31 09:57:52,756 INFO org.apache.hadoop.http.HttpServer: Added global filtersafety (class=org.apache.hadoop.http.HttpServer$QuotingInputFilter)
2012-07-31 09:57:52,760 INFO org.apache.hadoop.http.HttpServer: Port returned by webServer.getConnectors()[0].getLocalPort() before open() is -1. Opening the listener on 50090
2012-07-31 09:57:52,770 INFO org.apache.hadoop.http.HttpServer: listener.getLocalPort() returned 50090 webServer.getConnectors()[0].getLocalPort() returned 50090
2012-07-31 09:57:52,770 INFO org.apache.hadoop.http.HttpServer: Jetty bound to port 50090
2012-07-31 09:57:54,383 INFO org.apache.hadoop.hdfs.server.namenode.SecondaryNameNode: Web server init done
2012-07-31 09:57:54,384 INFO org.apache.hadoop.hdfs.server.namenode.SecondaryNameNode: Secondary Web-server up at: 0.0.0.0:50090
2012-07-31 09:57:54,384 INFO org.apache.hadoop.hdfs.server.namenode.SecondaryNameNode: Secondary image servlet up at: 0.0.0.0:50090
2012-07-31 09:57:54,385 WARN org.apache.hadoop.hdfs.server.namenode.SecondaryNameNode: Checkpoint Period   :3600 secs (60 min)
2012-07-31 09:57:54,385 WARN org.apache.hadoop.hdfs.server.namenode.SecondaryNameNode: Log Size Trigger    :67108864 bytes (65536 KB)
2012-07-31 09:58:48,109 INFO org.apache.hadoop.hdfs.server.namenode.SecondaryNameNode: SHUTDOWN_MSG: 
/************************************************************
SHUTDOWN_MSG: Shutting down SecondaryNameNode at zhunan-2.local/192.168.1.100
************************************************************/
2012-07-31 10:00:54,115 INFO org.apache.hadoop.hdfs.server.namenode.SecondaryNameNode: STARTUP_MSG: 
/************************************************************
STARTUP_MSG: Starting SecondaryNameNode
STARTUP_MSG:   host = zhunan-2.local/192.168.1.100
STARTUP_MSG:   args = []
STARTUP_MSG:   version = 1.0.4-SNAPSHOT
STARTUP_MSG:   build =  -r ; compiled by 'zhunan' on Fri Jul  6 04:20:51 CST 2012
************************************************************/
2012-07-31 10:00:54,861 INFO org.apache.hadoop.hdfs.server.namenode.SecondaryNameNode: Starting web server as: zhunan
2012-07-31 10:00:55,092 INFO org.apache.hadoop.http.HttpServer: Added global filtersafety (class=org.apache.hadoop.http.HttpServer$QuotingInputFilter)
2012-07-31 10:00:55,127 INFO org.apache.hadoop.http.HttpServer: Port returned by webServer.getConnectors()[0].getLocalPort() before open() is -1. Opening the listener on 50090
2012-07-31 10:00:55,149 INFO org.apache.hadoop.http.HttpServer: listener.getLocalPort() returned 50090 webServer.getConnectors()[0].getLocalPort() returned 50090
2012-07-31 10:00:55,149 INFO org.apache.hadoop.http.HttpServer: Jetty bound to port 50090
2012-07-31 10:00:55,698 INFO org.apache.hadoop.hdfs.server.namenode.SecondaryNameNode: Web server init done
2012-07-31 10:00:55,698 INFO org.apache.hadoop.hdfs.server.namenode.SecondaryNameNode: Secondary Web-server up at: 0.0.0.0:50090
2012-07-31 10:00:55,698 INFO org.apache.hadoop.hdfs.server.namenode.SecondaryNameNode: Secondary image servlet up at: 0.0.0.0:50090
2012-07-31 10:00:55,699 WARN org.apache.hadoop.hdfs.server.namenode.SecondaryNameNode: Checkpoint Period   :3600 secs (60 min)
2012-07-31 10:00:55,699 WARN org.apache.hadoop.hdfs.server.namenode.SecondaryNameNode: Log Size Trigger    :67108864 bytes (65536 KB)
2012-07-31 10:01:09,668 INFO org.apache.hadoop.hdfs.server.namenode.SecondaryNameNode: SHUTDOWN_MSG: 
/************************************************************
SHUTDOWN_MSG: Shutting down SecondaryNameNode at zhunan-2.local/192.168.1.100
************************************************************/
2012-07-31 10:01:57,370 INFO org.apache.hadoop.hdfs.server.namenode.SecondaryNameNode: STARTUP_MSG: 
/************************************************************
STARTUP_MSG: Starting SecondaryNameNode
STARTUP_MSG:   host = zhunan-2.local/192.168.1.100
STARTUP_MSG:   args = []
STARTUP_MSG:   version = 1.0.4-SNAPSHOT
STARTUP_MSG:   build =  -r ; compiled by 'zhunan' on Fri Jul  6 04:20:51 CST 2012
************************************************************/
2012-07-31 10:01:59,572 INFO org.apache.hadoop.hdfs.server.namenode.SecondaryNameNode: Starting web server as: zhunan
2012-07-31 10:02:00,115 INFO org.apache.hadoop.http.HttpServer: Added global filtersafety (class=org.apache.hadoop.http.HttpServer$QuotingInputFilter)
2012-07-31 10:02:00,139 INFO org.apache.hadoop.http.HttpServer: Port returned by webServer.getConnectors()[0].getLocalPort() before open() is -1. Opening the listener on 50090
2012-07-31 10:02:00,148 INFO org.apache.hadoop.http.HttpServer: listener.getLocalPort() returned 50090 webServer.getConnectors()[0].getLocalPort() returned 50090
2012-07-31 10:02:00,148 INFO org.apache.hadoop.http.HttpServer: Jetty bound to port 50090
2012-07-31 10:02:01,580 INFO org.apache.hadoop.hdfs.server.namenode.SecondaryNameNode: Web server init done
2012-07-31 10:02:01,580 INFO org.apache.hadoop.hdfs.server.namenode.SecondaryNameNode: Secondary Web-server up at: 0.0.0.0:50090
2012-07-31 10:02:01,581 INFO org.apache.hadoop.hdfs.server.namenode.SecondaryNameNode: Secondary image servlet up at: 0.0.0.0:50090
2012-07-31 10:02:01,581 WARN org.apache.hadoop.hdfs.server.namenode.SecondaryNameNode: Checkpoint Period   :3600 secs (60 min)
2012-07-31 10:02:01,581 WARN org.apache.hadoop.hdfs.server.namenode.SecondaryNameNode: Log Size Trigger    :67108864 bytes (65536 KB)
2012-07-31 10:07:02,116 INFO org.apache.hadoop.hdfs.server.namenode.SecondaryNameNode: Downloaded file fsimage size 112 bytes.
2012-07-31 10:07:02,121 INFO org.apache.hadoop.hdfs.server.namenode.SecondaryNameNode: Downloaded file edits size 21508 bytes.
2012-07-31 10:07:02,152 INFO org.apache.hadoop.hdfs.util.GSet: VM type       = 64-bit
2012-07-31 10:07:02,159 INFO org.apache.hadoop.hdfs.util.GSet: 2% max memory = 19.9175 MB
2012-07-31 10:07:02,159 INFO org.apache.hadoop.hdfs.util.GSet: capacity      = 2^21 = 2097152 entries
2012-07-31 10:07:02,159 INFO org.apache.hadoop.hdfs.util.GSet: recommended=2097152, actual=2097152
2012-07-31 10:07:02,192 INFO org.apache.hadoop.hdfs.server.namenode.FSNamesystem: fsOwner=zhunan
2012-07-31 10:07:02,193 INFO org.apache.hadoop.hdfs.server.namenode.FSNamesystem: supergroup=supergroup
2012-07-31 10:07:02,193 INFO org.apache.hadoop.hdfs.server.namenode.FSNamesystem: isPermissionEnabled=true
2012-07-31 10:07:02,199 INFO org.apache.hadoop.hdfs.server.namenode.FSNamesystem: dfs.block.invalidate.limit=100
2012-07-31 10:07:02,199 INFO org.apache.hadoop.hdfs.server.namenode.FSNamesystem: isAccessTokenEnabled=false accessKeyUpdateInterval=0 min(s), accessTokenLifetime=0 min(s)
2012-07-31 10:07:02,215 INFO org.apache.hadoop.hdfs.server.namenode.NameNode: Caching file names occuring more than 10 times 
2012-07-31 10:07:02,726 INFO org.apache.hadoop.hdfs.server.common.Storage: Number of files = 1
2012-07-31 10:07:02,730 INFO org.apache.hadoop.hdfs.server.common.Storage: Number of files under construction = 0
2012-07-31 10:07:02,840 INFO org.apache.hadoop.hdfs.server.common.Storage: Edits file /Users/zhunan/codes/hadoop/dfs/namesecondary/current/edits of size 21508 edits # 181 loaded in 0 seconds.
2012-07-31 10:07:02,841 INFO org.apache.hadoop.hdfs.server.namenode.FSNamesystem: Number of transactions: 0 Total time for transactions(ms): 0Number of transactions batched in Syncs: 0 Number of syncs: 0 SyncTimes(ms): 0 
2012-07-31 10:07:02,865 INFO org.apache.hadoop.hdfs.server.common.Storage: Image file of size 5763 saved in 0 seconds.
2012-07-31 10:07:02,912 INFO org.apache.hadoop.hdfs.server.common.Storage: Image file of size 5763 saved in 0 seconds.
2012-07-31 10:07:02,925 INFO org.apache.hadoop.hdfs.server.namenode.SecondaryNameNode: Posted URL 0.0.0.0:50070putimage=1&port=50090&machine=0.0.0.0&token=-32:927505378:0:1343700421000:1343700114025
2012-07-31 10:07:03,061 INFO org.apache.hadoop.hdfs.server.namenode.SecondaryNameNode: Checkpoint done. New Image Size: 5763
2012-07-31 10:19:06,807 INFO org.apache.hadoop.hdfs.server.namenode.SecondaryNameNode: SHUTDOWN_MSG: 
/************************************************************
SHUTDOWN_MSG: Shutting down SecondaryNameNode at zhunan-2.local/192.168.1.100
************************************************************/
2012-07-31 10:27:47,490 INFO org.apache.hadoop.hdfs.server.namenode.SecondaryNameNode: STARTUP_MSG: 
/************************************************************
STARTUP_MSG: Starting SecondaryNameNode
STARTUP_MSG:   host = zhunan-2.local/192.168.1.100
STARTUP_MSG:   args = []
STARTUP_MSG:   version = 1.0.4-SNAPSHOT
STARTUP_MSG:   build =  -r ; compiled by 'zhunan' on Fri Jul  6 04:20:51 CST 2012
************************************************************/
2012-07-31 10:28:01,232 INFO org.apache.hadoop.hdfs.server.namenode.SecondaryNameNode: Starting web server as: zhunan
2012-07-31 10:28:01,946 INFO org.apache.hadoop.http.HttpServer: Added global filtersafety (class=org.apache.hadoop.http.HttpServer$QuotingInputFilter)
2012-07-31 10:28:02,020 INFO org.apache.hadoop.http.HttpServer: Port returned by webServer.getConnectors()[0].getLocalPort() before open() is -1. Opening the listener on 50090
2012-07-31 10:28:02,024 INFO org.apache.hadoop.http.HttpServer: listener.getLocalPort() returned 50090 webServer.getConnectors()[0].getLocalPort() returned 50090
2012-07-31 10:28:02,024 INFO org.apache.hadoop.http.HttpServer: Jetty bound to port 50090
2012-07-31 10:28:03,318 INFO org.apache.hadoop.hdfs.server.namenode.SecondaryNameNode: Web server init done
2012-07-31 10:28:03,319 INFO org.apache.hadoop.hdfs.server.namenode.SecondaryNameNode: Secondary Web-server up at: 0.0.0.0:50090
2012-07-31 10:28:03,319 INFO org.apache.hadoop.hdfs.server.namenode.SecondaryNameNode: Secondary image servlet up at: 0.0.0.0:50090
2012-07-31 10:28:03,319 WARN org.apache.hadoop.hdfs.server.namenode.SecondaryNameNode: Checkpoint Period   :3600 secs (60 min)
2012-07-31 10:28:03,319 WARN org.apache.hadoop.hdfs.server.namenode.SecondaryNameNode: Log Size Trigger    :67108864 bytes (65536 KB)
2012-07-31 10:33:04,642 INFO org.apache.hadoop.hdfs.server.namenode.SecondaryNameNode: Downloaded file fsimage size 16199 bytes.
2012-07-31 10:33:04,645 INFO org.apache.hadoop.hdfs.server.namenode.SecondaryNameNode: Downloaded file edits size 19556 bytes.
2012-07-31 10:33:04,669 INFO org.apache.hadoop.hdfs.util.GSet: VM type       = 64-bit
2012-07-31 10:33:04,669 INFO org.apache.hadoop.hdfs.util.GSet: 2% max memory = 19.9175 MB
2012-07-31 10:33:04,669 INFO org.apache.hadoop.hdfs.util.GSet: capacity      = 2^21 = 2097152 entries
2012-07-31 10:33:04,669 INFO org.apache.hadoop.hdfs.util.GSet: recommended=2097152, actual=2097152
2012-07-31 10:33:04,739 INFO org.apache.hadoop.hdfs.server.namenode.FSNamesystem: fsOwner=zhunan
2012-07-31 10:33:04,740 INFO org.apache.hadoop.hdfs.server.namenode.FSNamesystem: supergroup=supergroup
2012-07-31 10:33:04,740 INFO org.apache.hadoop.hdfs.server.namenode.FSNamesystem: isPermissionEnabled=true
2012-07-31 10:33:04,745 INFO org.apache.hadoop.hdfs.server.namenode.FSNamesystem: dfs.block.invalidate.limit=100
2012-07-31 10:33:04,745 INFO org.apache.hadoop.hdfs.server.namenode.FSNamesystem: isAccessTokenEnabled=false accessKeyUpdateInterval=0 min(s), accessTokenLifetime=0 min(s)
2012-07-31 10:33:04,863 INFO org.apache.hadoop.hdfs.server.namenode.NameNode: Caching file names occuring more than 10 times 
2012-07-31 10:33:05,695 INFO org.apache.hadoop.hdfs.server.common.Storage: Number of files = 136
2012-07-31 10:33:05,756 INFO org.apache.hadoop.hdfs.server.common.Storage: Number of files under construction = 0
2012-07-31 10:33:05,886 INFO org.apache.hadoop.hdfs.server.common.Storage: Edits file /Users/zhunan/codes/hadoop/dfs/namesecondary/current/edits of size 19556 edits # 165 loaded in 0 seconds.
2012-07-31 10:33:05,886 INFO org.apache.hadoop.hdfs.server.namenode.FSNamesystem: Number of transactions: 0 Total time for transactions(ms): 0Number of transactions batched in Syncs: 0 Number of syncs: 0 SyncTimes(ms): 0 
2012-07-31 10:33:05,897 INFO org.apache.hadoop.hdfs.server.common.Storage: Image file of size 20132 saved in 0 seconds.
2012-07-31 10:33:06,065 INFO org.apache.hadoop.hdfs.server.common.Storage: Image file of size 20132 saved in 0 seconds.
2012-07-31 10:33:06,077 INFO org.apache.hadoop.hdfs.server.namenode.SecondaryNameNode: Posted URL 0.0.0.0:50070putimage=1&port=50090&machine=0.0.0.0&token=-32:927505378:0:1343701983000:1343701665313
2012-07-31 10:33:06,244 INFO org.apache.hadoop.hdfs.server.namenode.SecondaryNameNode: Checkpoint done. New Image Size: 20132
2012-07-31 10:53:29,665 INFO org.apache.hadoop.hdfs.server.namenode.SecondaryNameNode: SHUTDOWN_MSG: 
/************************************************************
SHUTDOWN_MSG: Shutting down SecondaryNameNode at zhunan-2.local/192.168.1.100
************************************************************/
